d:\documents\lectures\02 course\02 semester\sp\labs\lab09\lab09\debug\lab09.pch
d:\documents\lectures\02 course\02 semester\sp\labs\lab09\lab09\debug\vc120.pdb
d:\documents\lectures\02 course\02 semester\sp\labs\lab09\lab09\debug\vc120.idb
d:\documents\lectures\02 course\02 semester\sp\labs\lab09\lab09\debug\stdafx.obj
d:\documents\lectures\02 course\02 semester\sp\labs\lab09\lab09\debug\lab09.obj
d:\documents\lectures\02 course\02 semester\sp\labs\lab09\lab09\debug\longop.obj
d:\documents\lectures\02 course\02 semester\sp\labs\lab09\lab09\debug\module.obj
d:\documents\lectures\02 course\02 semester\sp\labs\lab09\debug\lab09.ilk
d:\documents\lectures\02 course\02 semester\sp\labs\lab09\debug\lab09.exe
d:\documents\lectures\02 course\02 semester\sp\labs\lab09\debug\lab09.pdb
d:\documents\lectures\02 course\02 semester\sp\labs\lab09\lab09\debug\lab09.res
d:\documents\lectures\02 course\02 semester\sp\labs\lab09\lab09\debug\lab09.tlog\cl.command.1.tlog
d:\documents\lectures\02 course\02 semester\sp\labs\lab09\lab09\debug\lab09.tlog\cl.read.1.tlog
d:\documents\lectures\02 course\02 semester\sp\labs\lab09\lab09\debug\lab09.tlog\cl.write.1.tlog
d:\documents\lectures\02 course\02 semester\sp\labs\lab09\lab09\debug\lab09.tlog\lab09.write.1u.tlog
d:\documents\lectures\02 course\02 semester\sp\labs\lab09\lab09\debug\lab09.tlog\link.command.1.tlog
d:\documents\lectures\02 course\02 semester\sp\labs\lab09\lab09\debug\lab09.tlog\link.read.1.tlog
d:\documents\lectures\02 course\02 semester\sp\labs\lab09\lab09\debug\lab09.tlog\link.write.1.tlog
d:\documents\lectures\02 course\02 semester\sp\labs\lab09\lab09\debug\lab09.tlog\rc.command.1.tlog
d:\documents\lectures\02 course\02 semester\sp\labs\lab09\lab09\debug\lab09.tlog\rc.read.1.tlog
d:\documents\lectures\02 course\02 semester\sp\labs\lab09\lab09\debug\lab09.tlog\rc.write.1.tlog
